[debug] [2021-03-06T10:29:25.425Z] ----------------------------------------------------------------------
[debug] [2021-03-06T10:29:25.427Z] Command:       C:\Program Files\nodejs\node.exe C:\Users\shaha\AppData\Roaming\npm\node_modules\firebase-tools\lib\bin\firebase.js deploy
[debug] [2021-03-06T10:29:25.428Z] CLI Version:   8.14.1
[debug] [2021-03-06T10:29:25.428Z] Platform:      win32
[debug] [2021-03-06T10:29:25.428Z] Node Version:  v12.18.3
[debug] [2021-03-06T10:29:25.429Z] Time:          Sat Mar 06 2021 12:29:25 GMT+0200 (GMT+02:00)
[debug] [2021-03-06T10:29:25.429Z] ----------------------------------------------------------------------
[debug] [2021-03-06T10:29:25.429Z] 
[debug] [2021-03-06T10:29:25.440Z] > command requires scopes: ["email","openid","https://www.googleapis.com/auth/cloudplatformprojects.readonly","https://www.googleapis.com/auth/firebase","https://www.googleapis.com/auth/cloud-platform"]
[debug] [2021-03-06T10:29:25.440Z] > authorizing via signed-in user
[debug] [2021-03-06T10:29:25.441Z] [iam] checking project saturdays-and-holidays-client for permissions ["firebase.projects.get","firebasehosting.sites.update"]
[debug] [2021-03-06T10:29:25.443Z] > refreshing access token with scopes: ["email","https://www.googleapis.com/auth/cloud-platform","https://www.googleapis.com/auth/cloudplatformprojects.readonly","https://www.googleapis.com/auth/firebase","openid"]
[debug] [2021-03-06T10:29:25.443Z] >>> HTTP REQUEST POST https://www.googleapis.com/oauth2/v3/token  
 <request body omitted>
[debug] [2021-03-06T10:29:25.771Z] <<< HTTP RESPONSE 200 {"pragma":"no-cache","cache-control":"no-cache, no-store, max-age=0, must-revalidate","expires":"Mon, 01 Jan 1990 00:00:00 GMT","date":"Sat, 06 Mar 2021 10:29:25 GMT","content-type":"application/json; charset=utf-8","vary":"X-Origin, Referer, Origin,Accept-Encoding","server":"scaffolding on HTTPServer2","x-xss-protection":"0","x-frame-options":"SAMEORIGIN","x-content-type-options":"nosniff","alt-svc":"h3-29=\":443\"; ma=2592000,h3-T051=\":443\"; ma=2592000,h3-Q050=\":443\"; ma=2592000,h3-Q046=\":443\"; ma=2592000,h3-Q043=\":443\"; ma=2592000,quic=\":443\"; ma=2592000; v=\"46,43\"","accept-ranges":"none","transfer-encoding":"chunked"}
[debug] [2021-03-06T10:29:25.780Z] >>> HTTP REQUEST POST https://cloudresourcemanager.googleapis.com/v1/projects/saturdays-and-holidays-client:testIamPermissions  
 {"permissions":["firebase.projects.get","firebasehosting.sites.update"]}
[debug] [2021-03-26T20:06:51.703Z] ----------------------------------------------------------------------
[debug] [2021-03-26T20:06:51.706Z] Command:       C:\Program Files\nodejs\node.exe C:\Users\shaha\AppData\Roaming\npm\node_modules\firebase-tools\lib\bin\firebase.js deploy
[debug] [2021-03-26T20:06:51.706Z] CLI Version:   8.14.1
[debug] [2021-03-26T20:06:51.706Z] Platform:      win32
[debug] [2021-03-26T20:06:51.706Z] Node Version:  v12.18.3
[debug] [2021-03-26T20:06:51.707Z] Time:          Fri Mar 26 2021 23:06:51 GMT+0300 (GMT+03:00)
[debug] [2021-03-26T20:06:51.707Z] ----------------------------------------------------------------------
[debug] [2021-03-26T20:06:51.707Z] 
[debug] [2021-03-26T20:06:51.718Z] > command requires scopes: ["email","openid","https://www.googleapis.com/auth/cloudplatformprojects.readonly","https://www.googleapis.com/auth/firebase","https://www.googleapis.com/auth/cloud-platform"]
[debug] [2021-03-26T20:06:51.719Z] > authorizing via signed-in user
[debug] [2021-03-26T20:06:51.719Z] [iam] checking project saturdays-and-holidays-client for permissions ["firebase.projects.get","firebasehosting.sites.update"]
[debug] [2021-03-26T20:06:51.720Z] > refreshing access token with scopes: ["email","https://www.googleapis.com/auth/cloud-platform","https://www.googleapis.com/auth/cloudplatformprojects.readonly","https://www.googleapis.com/auth/firebase","openid"]
[debug] [2021-03-26T20:06:51.721Z] >>> HTTP REQUEST POST https://www.googleapis.com/oauth2/v3/token  
 <request body omitted>
[debug] [2021-03-26T20:06:52.044Z] <<< HTTP RESPONSE 200 {"date":"Fri, 26 Mar 2021 20:06:20 GMT","pragma":"no-cache","expires":"Mon, 01 Jan 1990 00:00:00 GMT","cache-control":"no-cache, no-store, max-age=0, must-revalidate","content-type":"application/json; charset=utf-8","vary":"X-Origin, Referer, Origin,Accept-Encoding","server":"scaffolding on HTTPServer2","x-xss-protection":"0","x-frame-options":"SAMEORIGIN","x-content-type-options":"nosniff","alt-svc":"h3-29=\":443\"; ma=2592000,h3-T051=\":443\"; ma=2592000,h3-Q050=\":443\"; ma=2592000,h3-Q046=\":443\"; ma=2592000,h3-Q043=\":443\"; ma=2592000,quic=\":443\"; ma=2592000; v=\"46,43\"","accept-ranges":"none","transfer-encoding":"chunked"}
[debug] [2021-03-26T20:06:52.049Z] >>> HTTP REQUEST POST https://cloudresourcemanager.googleapis.com/v1/projects/saturdays-and-holidays-client:testIamPermissions  
 {"permissions":["firebase.projects.get","firebasehosting.sites.update"]}
